1,-7.140295257657008,-7.140295257657008,0.3800990854631398
2,-25.74865201588013,-25.74865201588013,0.33459191619159573
3,-34.70587124983159,-34.70587124983159,0.331076429634636
4,-38.7603118135038,-38.7603118135038,0.3260852390818805
5,-42.628918895982714,-42.628918895982714,0.3163692979310189
6,-45.245422393141894,-45.245422393141894,0.31405319945991816
7,-47.13347415961398,-47.13347415961398,0.31381400524412134
8,-49.007497455275924,-49.007497455275924,0.3108823072202092
9,-49.949658082189394,-49.949658082189394,0.31042573221077246
10,-51.389395532776,-51.389395532776,0.3111133642491566
11,-52.15683763507761,-52.15683763507761,0.3103309956928703
12,-53.279894819464936,-53.279894819464936,0.30986142967187374
13,-54.09145122311587,-54.09145122311587,0.30818889846963987
14,-54.45736779438773,-54.45736779438773,0.3091718534231908
15,-55.2253697165771,-55.2253697165771,0.3105274138734518
16,-56.019495969649164,-56.019495969649164,0.3073018315961374
17,-56.853651095276476,-56.853651095276476,0.307091275269357
18,-56.999232559054796,-56.999232559054796,0.3083184909807955
19,-58.15954135961962,-58.15954135961962,0.30451366445130246
20,-58.89112449392181,-58.89112449392181,0.3046173350911994
21,-58.36732138019718,-58.36732138019718,0.30693306997178177
22,-59.23584492005947,-59.23584492005947,0.3068971464712997
23,-60.71418881649607,-60.71418881649607,0.3044854131111731
24,-60.033869957970545,-60.033869957970545,0.30677198387278026
25,-61.50175845599688,-61.50175845599688,0.30394610109200554
26,-61.97937487996021,-61.97937487996021,0.30422743400958946
27,-63.14424237813035,-63.14424237813035,0.3028125983180327
28,-62.966240287526944,-62.966240287526944,0.3046949820602378
29,-62.890095391618765,-62.890095391618765,0.30588759387886144
30,-64.19605995670923,-64.19605995670923,0.3035092527958141
31,-64.24099074511146,-64.24099074511146,0.3031897233014191
32,-65.30748651732203,-65.30748651732203,0.30613661583048346
33,-65.86564858692266,-65.86564858692266,0.30445193545834753
34,-66.41900479490276,-66.41900479490276,0.30263508649897347
35,-66.60353116000002,-66.60353116000002,0.3045017232492664
36,-66.70818063844207,-66.70818063844207,0.3032170861905468
37,-68.07624888560076,-68.07624888560076,0.3032699353753531
38,-68.0525619969676,-68.0525619969676,0.3046123048258236
39,-68.53305880850775,-68.53305880850775,0.30385516091799464
40,-69.49627566104299,-69.49627566104299,0.30194138789122377
41,-70.47317678074548,-70.47317678074548,0.29992788244057245
42,-70.55727995631746,-70.55727995631746,0.301773563901945
43,-70.94420113162285,-70.94420113162285,0.30194624703417217
44,-71.57158550404289,-71.57158550404289,0.3019836411612296
45,-71.9527509805041,-71.9527509805041,0.30422186716098576
46,-72.32481324556056,-72.32481324556056,0.30230293784681667
47,-73.23270570042082,-73.23270570042082,0.3022448578715778
48,-73.73963235455716,-73.73963235455716,0.30050359856698977
49,-74.09293799950885,-74.09293799950885,0.3020056685111458
50,-74.5593079718125,-74.5593079718125,0.3027712558333928
51,-74.94552156929868,-74.94552156929868,0.3030578904504542
52,-75.98503471867213,-75.98503471867213,0.3025534650486959
53,-76.42925310228202,-76.42925310228202,0.3012121044830017
54,-77.07588113684011,-77.07588113684011,0.3007605586416162
55,-77.28221322972247,-77.28221322972247,0.3019111050288434
56,-78.23271034375095,-78.23271034375095,0.3013118919343239
57,-77.50706563303848,-77.50706563303848,0.3017742530317317
58,-79.06474251943092,-79.06474251943092,0.3031453890646637
59,-79.22540251849449,-79.22540251849449,0.30091148113102384
60,-80.00084738535423,-80.00084738535423,0.30057110711122603
61,-80.77378209183128,-80.77378209183128,0.30141623645020243
62,-81.12989203197382,-81.12989203197382,0.30232301816548346
63,-81.72594373520107,-81.72594373520107,0.3014216531342203
64,-81.67334795091483,-81.67334795091483,0.30173068088412847
65,-82.68464880120264,-82.68464880120264,0.3017706842054351
66,-82.68438211579145,-82.68438211579145,0.30296016212957133
67,-84.06798717700339,-84.06798717700339,0.30081584596465993
68,-84.8079880865586,-84.8079880865586,0.2994704873050402
69,-84.73719824923461,-84.73719824923461,0.29993619389491233
70,-84.83463181348229,-84.83463181348229,0.30235388635483357
71,-86.33902076079188,-86.33902076079188,0.2998363459755566
72,-86.9521247281487,-86.9521247281487,0.2999503456510913
73,-87.04482700773414,-87.04482700773414,0.2984972978644346
74,-87.57359905205594,-87.57359905205594,0.2997664160140813
75,-88.09611497793179,-88.09611497793179,0.2998085235849742
76,-88.81449288444743,-88.81449288444743,0.30055171530198554
77,-89.2248861234482,-89.2248861234482,0.29966976405660667
78,-89.9455664199859,-89.9455664199859,0.29934454151127315
79,-90.1530497452051,-90.1530497452051,0.2993631093237854
80,-90.03488584693864,-90.03488584693864,0.301129185904966
81,-91.02532808188123,-91.02532808188123,0.3013177871758048
82,-91.78253921837256,-91.78253921837256,0.30035964677316496
83,-92.27994789675957,-92.27994789675957,0.297771333857257
84,-92.59310156118613,-92.59310156118613,0.2999026260319979
85,-93.54911838538959,-93.54911838538959,0.2990953047039493
86,-94.07942420675796,-94.07942420675796,0.30063646618543144
87,-94.86465616842072,-94.86465616842072,0.2974946895463664
88,-95.47321553986133,-95.47321553986133,0.2983631999644014
89,-94.96487550679485,-94.96487550679485,0.3011272429731177
90,-96.75820612300865,-96.75820612300865,0.2993403613762076
91,-96.08196303335887,-96.08196303335887,0.2984353762691639
92,-97.60488704972538,-97.60488704972538,0.2964114144875835
93,-98.58205307813073,-98.58205307813073,0.299646501179472
94,-97.78402905548155,-97.78402905548155,0.298990476535458
95,-98.51175606087463,-98.51175606087463,0.29977736655638926
96,-99.81730784735335,-99.81730784735335,0.2988673775509743
97,-100.10745206411104,-100.10745206411104,0.29693431071768134
98,-101.43913866255848,-101.43913866255848,0.29827691862029715
99,-101.26376595095878,-101.26376595095878,0.2981177588464556
100,-102.13075932691243,-102.13075932691243,0.29963029125523066
